"../../../Engine/Content/EditorBlueprintResources/StandardMacros.uasset" 0
"../../../SillhouetteGame/Content/Objects/Enem_Hitbox.uasset" 1
"../../../Engine/Content/BasicShapes/BasicShapeMaterial.uasset" 2
"../../../Engine/Content/Functions/Engine_MaterialFunctions01/Opacity/CameraDepthFade.uasset" 3
"../../../Engine/Content/EngineMaterials/T_Default_Material_Grid_M.uasset" 4
"../../../Engine/Content/EngineMaterials/T_Default_Material_Grid_N.uasset" 5
"../../../Engine/Content/EngineMaterials/WorldGridMaterial.uasset" 6
"../../../Engine/Content/BasicShapes/Cube.uasset" 7
"../../../SillhouetteGame/Content/Media/Boioing.uasset" 8
"../../../SillhouetteGame/Content/Media/scratch_jump.uasset" 9
"../../../SillhouetteGame/Content/Objects/AnimationState.uasset" 10
"../../../SillhouetteGame/Content/Sprites/Enemy/Slime/Slime_Attack_2_B_NoShadow.uasset" 11
"../../../SillhouetteGame/Content/Sprites/Enemy/Slime/Slime_Attack_2_B_NoShadow_Sprite_0.uasset" 12
"../../../SillhouetteGame/Content/Sprites/Enemy/Slime/Slime_Attack_2_B_NoShadow_Sprite_1.uasset" 13
"../../../SillhouetteGame/Content/Sprites/Enemy/Slime/Slime_Attack_2_B_NoShadow_Sprite_10.uasset" 14
"../../../SillhouetteGame/Content/Sprites/Enemy/Slime/Slime_Attack_2_B_NoShadow_Sprite_11.uasset" 15
"../../../SillhouetteGame/Content/Sprites/Enemy/Slime/Slime_Attack_2_B_NoShadow_Sprite_12.uasset" 16
"../../../SillhouetteGame/Content/Sprites/Enemy/Slime/Slime_Attack_2_B_NoShadow_Sprite_13.uasset" 17
"../../../SillhouetteGame/Content/Sprites/Enemy/Slime/Slime_Attack_2_B_NoShadow_Sprite_14.uasset" 18
"../../../SillhouetteGame/Content/Sprites/Enemy/Slime/Slime_Attack_2_B_NoShadow_Sprite_15.uasset" 19
"../../../SillhouetteGame/Content/Sprites/Enemy/Slime/Slime_Attack_2_B_NoShadow_Sprite_16.uasset" 20
"../../../SillhouetteGame/Content/Sprites/Enemy/Slime/Slime_Attack_2_B_NoShadow_Sprite_17.uasset" 21
"../../../SillhouetteGame/Content/Sprites/Enemy/Slime/Slime_Attack_2_B_NoShadow_Sprite_18.uasset" 22
"../../../SillhouetteGame/Content/Sprites/Enemy/Slime/Slime_Attack_2_B_NoShadow_Sprite_19.uasset" 23
"../../../SillhouetteGame/Content/Sprites/Enemy/Slime/Slime_Attack_2_B_NoShadow_Sprite_2.uasset" 24
"../../../SillhouetteGame/Content/Sprites/Enemy/Slime/Slime_Attack_2_B_NoShadow_Sprite_20.uasset" 25
"../../../SillhouetteGame/Content/Sprites/Enemy/Slime/Slime_Attack_2_B_NoShadow_Sprite_21.uasset" 26
"../../../SillhouetteGame/Content/Sprites/Enemy/Slime/Slime_Attack_2_B_NoShadow_Sprite_22.uasset" 27
"../../../SillhouetteGame/Content/Sprites/Enemy/Slime/Slime_Attack_2_B_NoShadow_Sprite_23.uasset" 28
"../../../SillhouetteGame/Content/Sprites/Enemy/Slime/Slime_Attack_2_B_NoShadow_Sprite_24.uasset" 29
"../../../SillhouetteGame/Content/Sprites/Enemy/Slime/Slime_Attack_2_B_NoShadow_Sprite_25.uasset" 30
"../../../SillhouetteGame/Content/Sprites/Enemy/Slime/Slime_Attack_2_B_NoShadow_Sprite_26.uasset" 31
"../../../SillhouetteGame/Content/Sprites/Enemy/Slime/Slime_Attack_2_B_NoShadow_Sprite_27.uasset" 32
"../../../SillhouetteGame/Content/Sprites/Enemy/Slime/Slime_Attack_2_B_NoShadow_Sprite_28.uasset" 33
"../../../SillhouetteGame/Content/Sprites/Enemy/Slime/Slime_Attack_2_B_NoShadow_Sprite_29.uasset" 34
"../../../SillhouetteGame/Content/Sprites/Enemy/Slime/Slime_Attack_2_B_NoShadow_Sprite_3.uasset" 35
"../../../SillhouetteGame/Content/Sprites/Enemy/Slime/Slime_Attack_2_B_NoShadow_Sprite_30.uasset" 36
"../../../SillhouetteGame/Content/Sprites/Enemy/Slime/Slime_Attack_2_B_NoShadow_Sprite_31.uasset" 37
"../../../SillhouetteGame/Content/Sprites/Enemy/Slime/Slime_Attack_2_B_NoShadow_Sprite_4.uasset" 38
"../../../SillhouetteGame/Content/Sprites/Enemy/Slime/Slime_Attack_2_B_NoShadow_Sprite_5.uasset" 39
"../../../SillhouetteGame/Content/Sprites/Enemy/Slime/Slime_Attack_2_B_NoShadow_Sprite_6.uasset" 40
"../../../SillhouetteGame/Content/Sprites/Enemy/Slime/Slime_Attack_2_B_NoShadow_Sprite_7.uasset" 41
"../../../SillhouetteGame/Content/Sprites/Enemy/Slime/Slime_Attack_2_B_NoShadow_Sprite_8.uasset" 42
"../../../SillhouetteGame/Content/Sprites/Enemy/Slime/Slime_Attack_2_B_NoShadow_Sprite_9.uasset" 43
"../../../SillhouetteGame/Content/Sprites/Enemy/Slime/Enem_Bl_Slm_Atk.uasset" 44
"../../../SillhouetteGame/Content/Sprites/Enemy/Slime/Slime_Idle_B_NoShadow.uasset" 45
"../../../SillhouetteGame/Content/Sprites/Enemy/Slime/Slime_Idle_B_NoShadow_Sprite_0.uasset" 46
"../../../SillhouetteGame/Content/Sprites/Enemy/Slime/Slime_Idle_B_NoShadow_Sprite_1.uasset" 47
"../../../SillhouetteGame/Content/Sprites/Enemy/Slime/Slime_Idle_B_NoShadow_Sprite_2.uasset" 48
"../../../SillhouetteGame/Content/Sprites/Enemy/Slime/Slime_Idle_B_NoShadow_Sprite_3.uasset" 49
"../../../SillhouetteGame/Content/Sprites/Enemy/Slime/Slime_Idle_B_NoShadow_Sprite_4.uasset" 50
"../../../SillhouetteGame/Content/Sprites/Enemy/Slime/Slime_Idle_B_NoShadow_Sprite_5.uasset" 51
"../../../SillhouetteGame/Content/Sprites/Enemy/Slime/Slime_Idle_B_NoShadow_Sprite_6.uasset" 52
"../../../SillhouetteGame/Content/Sprites/Enemy/Slime/Slime_Idle_B_NoShadow_Sprite_7.uasset" 53
"../../../SillhouetteGame/Content/Sprites/Enemy/Slime/Slime_Idle_B_NoShadow_Sprite_8.uasset" 54
"../../../SillhouetteGame/Content/Sprites/Enemy/Slime/Slime_Idle_B_NoShadow_Sprite_9.uasset" 55
"../../../SillhouetteGame/Content/Sprites/Enemy/Slime/Enem_Bl_Slm_Idle.uasset" 56
"../../../SillhouetteGame/Content/Sprites/Enemy/Slime/Slime_Spawn_B_NoShadow.uasset" 57
"../../../SillhouetteGame/Content/Sprites/Enemy/Slime/Slime_Spawn_B_NoShadow_Sprite_0.uasset" 58
"../../../SillhouetteGame/Content/Sprites/Enemy/Slime/Slime_Spawn_B_NoShadow_Sprite_1.uasset" 59
"../../../SillhouetteGame/Content/Sprites/Enemy/Slime/Slime_Spawn_B_NoShadow_Sprite_10.uasset" 60
"../../../SillhouetteGame/Content/Sprites/Enemy/Slime/Slime_Spawn_B_NoShadow_Sprite_11.uasset" 61
"../../../SillhouetteGame/Content/Sprites/Enemy/Slime/Slime_Spawn_B_NoShadow_Sprite_12.uasset" 62
"../../../SillhouetteGame/Content/Sprites/Enemy/Slime/Slime_Spawn_B_NoShadow_Sprite_13.uasset" 63
"../../../SillhouetteGame/Content/Sprites/Enemy/Slime/Slime_Spawn_B_NoShadow_Sprite_14.uasset" 64
"../../../SillhouetteGame/Content/Sprites/Enemy/Slime/Slime_Spawn_B_NoShadow_Sprite_15.uasset" 65
"../../../SillhouetteGame/Content/Sprites/Enemy/Slime/Slime_Spawn_B_NoShadow_Sprite_16.uasset" 66
"../../../SillhouetteGame/Content/Sprites/Enemy/Slime/Slime_Spawn_B_NoShadow_Sprite_17.uasset" 67
"../../../SillhouetteGame/Content/Sprites/Enemy/Slime/Slime_Spawn_B_NoShadow_Sprite_18.uasset" 68
"../../../SillhouetteGame/Content/Sprites/Enemy/Slime/Slime_Spawn_B_NoShadow_Sprite_19.uasset" 69
"../../../SillhouetteGame/Content/Sprites/Enemy/Slime/Slime_Spawn_B_NoShadow_Sprite_2.uasset" 70
"../../../SillhouetteGame/Content/Sprites/Enemy/Slime/Slime_Spawn_B_NoShadow_Sprite_20.uasset" 71
"../../../SillhouetteGame/Content/Sprites/Enemy/Slime/Slime_Spawn_B_NoShadow_Sprite_21.uasset" 72
"../../../SillhouetteGame/Content/Sprites/Enemy/Slime/Slime_Spawn_B_NoShadow_Sprite_22.uasset" 73
"../../../SillhouetteGame/Content/Sprites/Enemy/Slime/Slime_Spawn_B_NoShadow_Sprite_3.uasset" 74
"../../../SillhouetteGame/Content/Sprites/Enemy/Slime/Slime_Spawn_B_NoShadow_Sprite_4.uasset" 75
"../../../SillhouetteGame/Content/Sprites/Enemy/Slime/Slime_Spawn_B_NoShadow_Sprite_5.uasset" 76
"../../../SillhouetteGame/Content/Sprites/Enemy/Slime/Slime_Spawn_B_NoShadow_Sprite_6.uasset" 77
"../../../SillhouetteGame/Content/Sprites/Enemy/Slime/Slime_Spawn_B_NoShadow_Sprite_7.uasset" 78
"../../../SillhouetteGame/Content/Sprites/Enemy/Slime/Slime_Spawn_B_NoShadow_Sprite_8.uasset" 79
"../../../SillhouetteGame/Content/Sprites/Enemy/Slime/Slime_Spawn_B_NoShadow_Sprite_9.uasset" 80
"../../../SillhouetteGame/Content/Sprites/Enemy/Slime/Enem_Bl_Slm_Spwn.uasset" 81
"../../../SillhouetteGame/Content/Blueprints/BP_Enemy.uasset" 82
"../../../SillhouetteGame/Content/Media/Crack.uasset" 83
"../../../SillhouetteGame/Content/Sprites/Environment_Hazards/Spikes.uasset" 84
"../../../SillhouetteGame/Content/Sprites/Environment_Hazards/Spikes_Sprite.uasset" 85
"../../../SillhouetteGame/Content/Blueprints/Spikes.uasset" 86
"../../../SillhouetteGame/Content/UI/SmalltextFont.uasset" 87
"../../../SillhouetteGame/Content/Sprites/Pickups/Soul_fire.uasset" 88
"../../../SillhouetteGame/Content/Sprites/Pickups/Soul_fire_Sprite_0.uasset" 89
"../../../SillhouetteGame/Content/Blueprints/HealthBarHUD.uasset" 90
"../../../SillhouetteGame/Content/Media/Bump.uasset" 91
"../../../SillhouetteGame/Content/Media/Slime_hit.uasset" 92
"../../../SillhouetteGame/Content/Media/Swoosh_Hit.uasset" 93
"../../../SillhouetteGame/Content/Media/Wallslide.uasset" 94
"../../../SillhouetteGame/Content/Sprites/Player/Chakram/Player_Idle_Black_Chakram.uasset" 95
"../../../SillhouetteGame/Content/Sprites/Player/Chakram/Player_Idle_Black_Chakram_Sprite_0.uasset" 96
"../../../SillhouetteGame/Content/Sprites/Player/Chakram/Player_Idle_Black_Chakram_Sprite_1.uasset" 97
"../../../SillhouetteGame/Content/Sprites/Player/Chakram/Player_Idle_Black_Chakram_Sprite_2.uasset" 98
"../../../SillhouetteGame/Content/Sprites/Player/Chakram/Player_Idle_Black_Chakram_Sprite_3.uasset" 99
"../../../SillhouetteGame/Content/Sprites/Player/Chakram/Player_Idle_Black_Chakram_Sprite_4.uasset" 100
"../../../SillhouetteGame/Content/Sprites/Player/Chakram/Player_Idle_Black_Chakram_Sprite_5.uasset" 101
"../../../SillhouetteGame/Content/Sprites/Player/Chakram/Player_Idle_Black_Chakram_Sprite_6.uasset" 102
"../../../SillhouetteGame/Content/Sprites/Player/Chakram/Player_Idle_Black_Chakram_Sprite_7.uasset" 103
"../../../SillhouetteGame/Content/Sprites/Player/Chakram/Player_Idle_Black_Chakram_FB.uasset" 104
"../../../SillhouetteGame/Content/Sprites/Player_Silhuette/Attacks/Attack_2.uasset" 105
"../../../SillhouetteGame/Content/Sprites/Player_Silhuette/Attacks/Attack_2_Sprite_0.uasset" 106
"../../../SillhouetteGame/Content/Sprites/Player_Silhuette/Attacks/Attack_2_Sprite_1.uasset" 107
"../../../SillhouetteGame/Content/Sprites/Player_Silhuette/Attacks/Attack_2_Sprite_2.uasset" 108
"../../../SillhouetteGame/Content/Sprites/Player_Silhuette/Attacks/Attack_2_FB.uasset" 109
"../../../SillhouetteGame/Content/Sprites/Player_Silhuette/Player_Dash_Black.uasset" 110
"../../../SillhouetteGame/Content/Sprites/Player_Silhuette/Player_Dash_Black_Sprite_0.uasset" 111
"../../../SillhouetteGame/Content/Sprites/Player_Silhuette/Player_Dash_Black_Sprite_1.uasset" 112
"../../../SillhouetteGame/Content/Sprites/Player_Silhuette/Player_Dash_Black_Sprite_2.uasset" 113
"../../../SillhouetteGame/Content/Sprites/Player_Silhuette/Player_Dash_Black_Sprite_3.uasset" 114
"../../../SillhouetteGame/Content/Sprites/Player_Silhuette/Player_Dash_Black_FB.uasset" 115
"../../../SillhouetteGame/Content/Sprites/Player_Silhuette/Player_Idle_Black.uasset" 116
"../../../SillhouetteGame/Content/Sprites/Player_Silhuette/Player_Idle_Black_Sprite_0.uasset" 117
"../../../SillhouetteGame/Content/Sprites/Player_Silhuette/Player_Idle_Black_Sprite_1.uasset" 118
"../../../SillhouetteGame/Content/Sprites/Player_Silhuette/Player_Idle_Black_Sprite_2.uasset" 119
"../../../SillhouetteGame/Content/Sprites/Player_Silhuette/Player_Idle_Black_Sprite_3.uasset" 120
"../../../SillhouetteGame/Content/Sprites/Player_Silhuette/Player_Idle_Black_Sprite_4.uasset" 121
"../../../SillhouetteGame/Content/Sprites/Player_Silhuette/Player_Idle_Black_Sprite_5.uasset" 122
"../../../SillhouetteGame/Content/Sprites/Player_Silhuette/Player_Idle_Black_Sprite_6.uasset" 123
"../../../SillhouetteGame/Content/Sprites/Player_Silhuette/Player_Idle_Black_Sprite_7.uasset" 124
"../../../SillhouetteGame/Content/Sprites/Player_Silhuette/Player_Idle_Black_FB.uasset" 125
"../../../SillhouetteGame/Content/Sprites/Player_Silhuette/Player_Jumping_Down_Black.uasset" 126
"../../../SillhouetteGame/Content/Sprites/Player_Silhuette/Player_Jumping_Down_Black_Sprite_0.uasset" 127
"../../../SillhouetteGame/Content/Sprites/Player_Silhuette/Player_Jumping_Down_Black_Sprite_1.uasset" 128
"../../../SillhouetteGame/Content/Sprites/Player_Silhuette/Player_Jumping_Down_Black_Sprite_2.uasset" 129
"../../../SillhouetteGame/Content/Sprites/Player_Silhuette/Player_Jumping_Down_Black_Sprite_3.uasset" 130
"../../../SillhouetteGame/Content/Sprites/Player_Silhuette/Player_Jumping_Down_Black_FB.uasset" 131
"../../../SillhouetteGame/Content/Sprites/Player_Silhuette/Player_Jumping_Up_Black.uasset" 132
"../../../SillhouetteGame/Content/Sprites/Player_Silhuette/Player_Jumping_Up_Black_Sprite_0.uasset" 133
"../../../SillhouetteGame/Content/Sprites/Player_Silhuette/Player_Jumping_Up_Black_Sprite_1.uasset" 134
"../../../SillhouetteGame/Content/Sprites/Player_Silhuette/Player_Jumping_Up_Black_Sprite_2.uasset" 135
"../../../SillhouetteGame/Content/Sprites/Player_Silhuette/Player_Jumping_Up_Black_Sprite_3.uasset" 136
"../../../SillhouetteGame/Content/Sprites/Player_Silhuette/Player_Jumping_Up_Black_FB.uasset" 137
"../../../SillhouetteGame/Content/Sprites/Player_Silhuette/Player_Run_Black.uasset" 138
"../../../SillhouetteGame/Content/Sprites/Player_Silhuette/Player_Run_Black_Sprite_0.uasset" 139
"../../../SillhouetteGame/Content/Sprites/Player_Silhuette/Player_Run_Black_Sprite_1.uasset" 140
"../../../SillhouetteGame/Content/Sprites/Player_Silhuette/Player_Run_Black_Sprite_2.uasset" 141
"../../../SillhouetteGame/Content/Sprites/Player_Silhuette/Player_Run_Black_Sprite_3.uasset" 142
"../../../SillhouetteGame/Content/Sprites/Player_Silhuette/Player_Run_Black_Sprite_4.uasset" 143
"../../../SillhouetteGame/Content/Sprites/Player_Silhuette/Player_Run_Black_Sprite_5.uasset" 144
"../../../SillhouetteGame/Content/Sprites/Player_Silhuette/Player_Run_Black_Sprite_6.uasset" 145
"../../../SillhouetteGame/Content/Sprites/Player_Silhuette/Player_Run_Black_Sprite_7.uasset" 146
"../../../SillhouetteGame/Content/Sprites/Player_Silhuette/Player_Run_Black_FB.uasset" 147
"../../../SillhouetteGame/Content/Sprites/Player_Silhuette/Player_Wall_Sliding2_Black_2.uasset" 148
"../../../SillhouetteGame/Content/Sprites/Player_Silhuette/Player_Wall_Sliding2_Black_2_Sprite_0.uasset" 149
"../../../SillhouetteGame/Content/Sprites/Player_Silhuette/Player_Wall_Sliding2_Black_2_Sprite_1.uasset" 150
"../../../SillhouetteGame/Content/Sprites/Player_Silhuette/Player_Wall_Sliding2_Black_2_Sprite_2.uasset" 151
"../../../SillhouetteGame/Content/Sprites/Player_Silhuette/Player_Wall_Sliding2_Black_2_Sprite_3.uasset" 152
"../../../SillhouetteGame/Content/Sprites/Player_Silhuette/Player_Wall_Sliding2_Black_3_FB.uasset" 153
"../../../SillhouetteGame/Content/UI/Fonts/ResamitzItalic_0048.uasset" 154
"../../../SillhouetteGame/Content/UI/Fonts/ResamitzItalic_0048_Font.uasset" 155
"../../../SillhouetteGame/Content/UI/PauseMenuUI.uasset" 156
"../../../SillhouetteGame/Content/Objects/Player.uasset" 157
"../../../SillhouetteGame/Content/Objects/GameMode.uasset" 158
"../../../SillhouetteGame/Content/UI/SampleUI.uasset" 159
"../../../Engine/Content/EngineMaterials/DefaultMaterial.uasset" 160
"../../../Engine/Content/BasicShapes/Cone.uasset" 161
"../../../Engine/Content/BasicShapes/Cylinder.uasset" 162
"../../../Engine/Content/BasicShapes/Plane.uasset" 163
"../../../Engine/Content/BasicShapes/Sphere.uasset" 164
"../../../Engine/Content/EditorLandscapeResources/DataLayer.uasset" 165
"../../../Engine/Content/EditorMaterials/GizmoMaterial.uasset" 166
"../../../Engine/Content/EditorMaterials/MAT_Groups_Toggle.uasset" 167
"../../../Engine/Content/EditorMaterials/MAT_Groups_Visibility.uasset" 168
"../../../Engine/Content/EditorMaterials/PreviewShadowIndicator.uasset" 169
"../../../Engine/Content/EditorMaterials/PreviewShadowIndicatorMaterial.uasset" 170
"../../../Engine/Content/EditorMaterials/MatineeGroups/MAT_ColorTrack.uasset" 171
"../../../Engine/Content/EditorMaterials/MatineeGroups/MAT_Groups_Anim.uasset" 172
"../../../Engine/Content/EditorMaterials/MatineeGroups/MAT_Groups_AudioMaster.uasset" 173
"../../../Engine/Content/EditorMaterials/MatineeGroups/MAT_Groups_Director.uasset" 174
"../../../Engine/Content/EditorMaterials/MatineeGroups/MAT_Groups_Event.uasset" 175
"../../../Engine/Content/EditorMaterials/MatineeGroups/MAT_Groups_Fade.uasset" 176
"../../../Engine/Content/EditorMaterials/MatineeGroups/MAT_Groups_Float.uasset" 177
"../../../Engine/Content/EditorMaterials/MatineeGroups/MAT_Groups_Move.uasset" 178
"../../../Engine/Content/EditorMaterials/MatineeGroups/MAT_Groups_Slomo.uasset" 179
"../../../Engine/Content/EditorMaterials/MatineeGroups/MAT_Groups_Sound.uasset" 180
"../../../Engine/Content/EditorMaterials/MatineeGroups/MAT_Groups_Vector.uasset" 181
"../../../Engine/Content/EditorMaterials/ParticleSystems/PSysThumbnail_NoImage.uasset" 182
"../../../Engine/Content/EditorMaterials/ParticleSystems/PSysThumbnail_OOD.uasset" 183
"../../../Engine/Content/EditorMaterials/Camera/CineMat.uasset" 184
"../../../Engine/Content/EditorMaterials/Camera/MI_CineMat_Rig.uasset" 185
"../../../Engine/Content/EditorMeshes/Camera/SM_CraneRig_Arm.uasset" 186
"../../../Engine/Content/EditorMeshes/Camera/SM_CraneRig_Base.uasset" 187
"../../../Engine/Content/EditorMeshes/Camera/SM_CraneRig_Body.uasset" 188
"../../../Engine/Content/EditorMeshes/Camera/SM_CraneRig_Mount.uasset" 189
"../../../Engine/Content/EditorMeshes/Camera/SM_RailRig_Mount.uasset" 190
"../../../Engine/Content/EditorMeshes/Camera/SM_RailRig_Track.uasset" 191
"../../../Engine/Content/EditorMeshes/ColorCalibrator/M_ChromeBall.uasset" 192
"../../../Engine/Content/EditorMeshes/ColorCalibrator/M_ClearCoat.uasset" 193
"../../../Engine/Content/EditorMeshes/ColorCalibrator/M_ClearCoatBlack.uasset" 194
"../../../Engine/Content/EditorMeshes/ColorCalibrator/Color_checker.uasset" 195
"../../../Engine/Content/EditorMeshes/ColorCalibrator/M_ColorGrid.uasset" 196
"../../../Engine/Content/EditorMeshes/ColorCalibrator/M_GreyBall.uasset" 197
"../../../Engine/Content/EditorMeshes/ColorCalibrator/SM_ColorCalibrator.uasset" 198
"../../../Engine/Content/EditorResources/BSPVertex.uasset" 199
"../../../Engine/Content/EditorResources/EmptyActor.uasset" 200
"../../../Engine/Content/EditorResources/S_Actor.uasset" 201
"../../../Engine/Content/EditorResources/S_Trigger.uasset" 202
"../../../Engine/Content/EditorResources/AudioIcons/S_AudioComponent_AutoActivate.uasset" 203
"../../../Engine/Content/EditorResources/SequenceRecorder/Countdown.uasset" 204
"../../../Engine/Content/EditorResources/SequenceRecorder/RecordingIndicator.uasset" 205
"../../../Engine/Content/EditorSounds/Notifications/CompileFailed.uasset" 206
"../../../Engine/Content/EditorSounds/Notifications/CompileFailed_Cue.uasset" 207
"../../../Engine/Content/EditorSounds/Notifications/CompileSuccess.uasset" 208
"../../../Engine/Content/EditorSounds/Notifications/CompileStart_Cue.uasset" 209
"../../../Engine/Content/EditorSounds/Notifications/CompileSuccess_Cue.uasset" 210
"../../../Engine/Content/EngineDamageTypes/DmgTypeBP_Environmental.uasset" 211
"../../../Engine/Content/EngineDebugMaterials/HeatmapGradient.uasset" 212
"../../../Engine/Content/EngineDebugMaterials/BoneWeightMaterial.uasset" 213
"../../../Engine/Content/EngineDebugMaterials/ClothMaterial.uasset" 214
"../../../Engine/Content/EngineDebugMaterials/ClothMaterial_WF.uasset" 215
"../../../Engine/Content/EngineDebugMaterials/DebugEditorMaterial.uasset" 216
"../../../Engine/Content/EngineDebugMaterials/DebugMeshMaterial.uasset" 217
"../../../Engine/Content/EngineDebugMaterials/GeomMaterial.uasset" 218
"../../../Engine/Content/EngineFonts/Faces/RobotoBold.uasset" 219
"../../../Engine/Content/EngineFonts/Faces/RobotoBoldItalic.uasset" 220
"../../../Engine/Content/EngineFonts/Faces/RobotoItalic.uasset" 221
"../../../Engine/Content/EngineFonts/Faces/RobotoLight.uasset" 222
"../../../Engine/Content/EngineFonts/Faces/RobotoRegular.uasset" 223
"../../../Engine/Content/EngineFonts/Roboto.uasset" 224
"../../../Engine/Content/EngineFonts/Faces/RobotoTiny.uasset" 225
"../../../Engine/Content/EngineFonts/RobotoTiny.uasset" 226
"../../../Engine/Content/EngineMaterials/DefaultBloomKernel.uasset" 227
"../../../Engine/Content/EngineMaterials/DefaultBokeh.uasset" 228
"../../../Engine/Content/EngineMaterials/DefaultDiffuse.uasset" 229
"../../../Engine/Content/EngineMaterials/DefaultDeferredDecalMaterial.uasset" 230
"../../../Engine/Content/EngineMaterials/DefaultLightFunctionMaterial.uasset" 231
"../../../Engine/Content/EngineMaterials/DefaultPhysicalMaterial.uasset" 232
"../../../Engine/Content/Functions/Engine_MaterialFunctions02/Utility/BreakOutFloat2Components.uasset" 233
"../../../Engine/Content/EngineMaterials/DefaultPostProcessMaterial.uasset" 234
"../../../Engine/Content/EngineFonts/RobotoDistanceField.uasset" 235
"../../../Engine/Content/EngineMaterials/DefaultTextMaterialOpaque.uasset" 236
"../../../Engine/Content/EngineMaterials/DefaultWhiteGrid.uasset" 237
"../../../Engine/Content/EngineMaterials/EditorBrushMaterial.uasset" 238
"../../../Engine/Content/EngineMaterials/Good64x64TilingNoiseHighFreq.uasset" 239
"../../../Engine/Content/EngineMaterials/MiniFont.uasset" 240
"../../../Engine/Content/EngineMaterials/InvalidLightmapSettings.uasset" 241
"../../../Engine/Content/EngineMaterials/M_InvalidLightmapSettings.uasset" 242
"../../../Engine/Content/Functions/Engine_MaterialFunctions02/WorldPositionOffset/CameraOffset.uasset" 243
"../../../Engine/Content/EngineMaterials/PhAT_JointLimitMaterial.uasset" 244
"../../../Engine/Content/EngineMaterials/PreintegratedSkinBRDF.uasset" 245
"../../../Engine/Content/EngineMaterials/RemoveSurfaceMaterial.uasset" 246
"../../../Engine/Content/EngineMaterials/WeightMapPlaceholderTexture.uasset" 247
"../../../Engine/Content/EngineResources/WhiteSquareTexture.uasset" 248
"../../../Engine/Content/EngineMaterials/Widget3DPassThrough.uasset" 249
"../../../Engine/Content/EngineMaterials/Widget3DPassThrough_Masked.uasset" 250
"../../../Engine/Content/EngineMaterials/Widget3DPassThrough_Opaque.uasset" 251
"../../../Engine/Content/EngineMaterials/Widget3DPassThrough_Masked_OneSided.uasset" 252
"../../../Engine/Content/EngineMaterials/Widget3DPassThrough_Opaque_OneSided.uasset" 253
"../../../Engine/Content/EngineMaterials/Widget3DPassThrough_Translucent.uasset" 254
"../../../Engine/Content/EngineMaterials/Widget3DPassThrough_Translucent_OneSided.uasset" 255
"../../../Engine/Content/EngineMeshes/Cube.uasset" 256
"../../../Engine/Content/EngineMeshes/Cylinder.uasset" 257
"../../../Engine/Content/EngineMeshes/Sphere.uasset" 258
"../../../Engine/Content/EngineResources/Black.uasset" 259
"../../../Engine/Content/EngineResources/DefaultTexture.uasset" 260
"../../../Engine/Content/EngineResources/DefaultTextureCube.uasset" 261
"../../../Engine/Content/EngineResources/GradientTexture0.uasset" 262
"../../../Engine/Content/EngineSounds/Master.uasset" 263
"../../../Engine/Content/Functions/Engine_MaterialFunctions01/Shading/ConvertFromDiffSpec.uasset" 264
"../../../Engine/Content/Functions/Engine_MaterialFunctions01/Shading/PowerToRoughness.uasset" 265
"../../../Engine/Content/Maps/Templates/Thumbnails/Default.uasset" 266
"../../../Engine/Content/Maps/Templates/Thumbnails/VR-Basic.uasset" 267
"../../../Engine/Content/MobileResources/T_MobileControls_texture.uasset" 268
"../../../Engine/Content/MobileResources/T_MobileMenu2.uasset" 269
"../../../Engine/Content/MobileResources/HUD/AnalogHat.uasset" 270
"../../../Engine/Content/MobileResources/HUD/VirtualJoystick_Background.uasset" 271
"../../../Engine/Content/MobileResources/HUD/VirtualJoystick_Thumb.uasset" 272
"../../../Engine/Content/MobileResources/HUD/DefaultVirtualJoysticks.uasset" 273
"../../../Engine/Content/MobileResources/HUD/LeftVirtualJoystickOnly.uasset" 274
"../../../Engine/Content/MobileResources/HUD/MobileHUDButton1_off.uasset" 275
"../../../Engine/Content/MobileResources/HUD/MobileHUDButton1_on.uasset" 276
"../../../Engine/Content/MobileResources/HUD/MobileHUDButton2_off.uasset" 277
"../../../Engine/Content/MobileResources/HUD/MobileHUDButton2_on.uasset" 278
"../../../Engine/Content/MobileResources/HUD/MobileHUDButton3.uasset" 279
"../../../Engine/Content/MobileResources/HUD/MobileHUDButtonFire.uasset" 280
"../../../Engine/Content/MobileResources/HUD/MobileHUDDirectionPad.uasset" 281
"../../../Engine/Content/MobileResources/HUD/MobileHUDDirectionPad2.uasset" 282
"../../../Engine/Content/MobileResources/HUD/MobileHUDDirectionPad3.uasset" 283
"../../../Engine/Content/MobileResources/HUD/MobileHUDDirectionStick.uasset" 284
"../../../Engine/Content/MobileResources/HUD/T_Castle_ThumbstickInner.uasset" 285
"../../../Engine/Content/MobileResources/HUD/T_Castle_ThumbstickOutter.uasset" 286
"../../../Engine/Content/Tutorial/ContentIntroCurve.uasset" 287
"../../../Engine/Content/Tutorial/Basics/TutorialAssets/icon_tab_Levels_40x.uasset" 288
"../../../Engine/Content/Tutorial/BlueprintTutorials/TutorialAssets/BlueprintInterface_64x.uasset" 289
"../../../Engine/Content/Tutorial/BlueprintTutorials/TutorialAssets/BlueprintMacroLibrary_64x.uasset" 290
"../../../Engine/Content/Tutorial/BlueprintTutorials/TutorialAssets/Blueprint_64x.uasset" 291
"../../../Engine/Content/Tutorial/BlueprintTutorials/TutorialAssets/Tutorial_BP_Interface.uasset" 292
"../../../Engine/Content/Tutorial/Foliage/TutorialAssets/Foliage.uasset" 293
"../../../Engine/Content/Tutorial/Landscape/TutorialAssets/Landscape.uasset" 294
"../../../Engine/Content/Tutorial/Paper2D/TutorialAssets/Paper2DFlipbook_TutorialIcon.uasset" 295
"../../../Engine/Content/Tutorial/Paper2D/TutorialAssets/Paper2DSprite_TutorialIcon.uasset" 296
"../../../Engine/Content/Tutorial/SubEditors/TutorialAssets/icon_Editor_Preferences_General_40x.uasset" 297
"../../../Engine/Content/Tutorial/SubEditors/TutorialAssets/icon_ShowSkeletalMeshes_40x.uasset" 298
"../../../Engine/Content/Tutorial/SubEditors/TutorialAssets/TutorialMaterial.uasset" 299
"../../../Engine/Content/Tutorial/SubEditors/TutorialAssets/T_SmokeSubUV_8X8.uasset" 300
"../../../Engine/Content/Tutorial/SubEditors/TutorialAssets/T_soft_smoke.uasset" 301
"../../../Engine/Content/Tutorial/SubEditors/TutorialAssets/M_smoke_subUV_blackbody.uasset" 302
"../../../Engine/Content/Tutorial/SubEditors/TutorialAssets/TutorialParticleSystem.uasset" 303
"../../../Engine/Content/VREditor/Devices/Generic/GenericHMDMaterial.uasset" 304
"../../../Engine/Content/VREditor/Devices/Generic/GenericHMD.uasset" 305
"../../../Engine/Content/VREditor/FloatingText/LineMaterial.uasset" 306
"../../../Engine/Content/VREditor/FloatingText/JointSphere.uasset" 307
"../../../Engine/Content/VREditor/FloatingText/LineSegmentCylinder.uasset" 308
"../../../Engine/Content/VREditor/Fonts/VRText_RobotoLarge.uasset" 309
"../../../Engine/Content/VREditor/Fonts/VRTextMaterial.uasset" 310
"../../../Engine/Content/VREditor/Fonts/TranslucentVRTextMaterial.uasset" 311
"../../../Engine/Content/VREditor/LaserPointer/CursorPointer.uasset" 312
"../../../Engine/Content/VREditor/LaserPointer/VR_LaserPower_01.uasset" 313
"../../../Engine/Content/VREditor/TransformGizmo/TransformGizmoMaterial.uasset" 314
"../../../Engine/Content/VREditor/LaserPointer/HoverMaterial.uasset" 315
"../../../Engine/Content/VREditor/TransformGizmo/TranslucentTransformGizmoMaterial.uasset" 316
"../../../Engine/Content/VREditor/LaserPointer/TranslucentHoverMaterial.uasset" 317
"../../../Engine/Content/VREditor/LaserPointer/HoverMesh.uasset" 318
"../../../Engine/Content/VREditor/LaserPointer/LaserPointerMaterial.uasset" 319
"../../../Engine/Content/VREditor/LaserPointer/LaserPointerMaterialInst.uasset" 320
"../../../Engine/Content/VREditor/LaserPointer/TranslucentLaserPointerMaterialInst.uasset" 321
"../../../Engine/Content/VREditor/LaserPointer/LaserPointerMesh.uasset" 322
"../../../Engine/Content/VREditor/LaserPointer/LaserPointerMesh_End.uasset" 323
"../../../Engine/Content/VREditor/LaserPointer/LaserPointerMesh_Start.uasset" 324
"../../../Engine/Content/Functions/Engine_MaterialFunctions02/Utility/BreakOutFloat3Components.uasset" 325
"../../../Engine/Content/Functions/Engine_MaterialFunctions02/Math/Transform3x3Matrix.uasset" 326
"../../../Engine/Content/Functions/Engine_MaterialFunctions02/SplitComponents.uasset" 327
"../../../Engine/Content/Functions/Engine_MaterialFunctions02/Utility/MakeFloat3.uasset" 328
"../../../Engine/Content/VREditor/SnapGrid/SnapGridMaterial.uasset" 329
"../../../Engine/Content/VREditor/SnapGrid/SnapGridPlaneMesh.uasset" 330
"../../../Engine/Content/VREditor/Sounds/VR_teleport.uasset" 331
"../../../Engine/Content/VREditor/Sounds/UI/Click_on_Button_Cue.uasset" 332
"../../../Engine/Content/VREditor/Sounds/UI/Dockable_Window_Close.uasset" 333
"../../../Engine/Content/VREditor/Sounds/UI/Dockable_Window_Drop.uasset" 334
"../../../Engine/Content/VREditor/Sounds/UI/Dockable_Window_Open.uasset" 335
"../../../Engine/Content/VREditor/Sounds/UI/Dockable_Window_Pick_Up.uasset" 336
"../../../Engine/Content/VREditor/Sounds/UI/Drop_Item_From_ContentBrowser.uasset" 337
"../../../Engine/Content/VREditor/Sounds/UI/Floating_UI_Open-001.uasset" 338
"../../../Engine/Content/VREditor/Sounds/UI/Gizmo_Handle_Clicked.uasset" 339
"../../../Engine/Content/VREditor/Sounds/UI/Object_PickUp.uasset" 340
"../../../Engine/Content/VREditor/Sounds/UI/Object_Snaps_To_Another_Actor.uasset" 341
"../../../Engine/Content/VREditor/Sounds/UI/Object_Snaps_To_Grid.uasset" 342
"../../../Engine/Content/VREditor/Sounds/UI/Radial_Menu_FadeOut.uasset" 343
"../../../Engine/Content/VREditor/Sounds/UI/Scaling_Down.uasset" 344
"../../../Engine/Content/VREditor/Sounds/UI/Scaling_Up.uasset" 345
"../../../Engine/Content/VREditor/Sounds/UI/Selection_Changes.uasset" 346
"../../../Engine/Content/VREditor/Sounds/UI/Teleport_Mode_Entered.uasset" 347
"../../../Engine/Content/VREditor/Teleport/TeleportDirectionMaterial.uasset" 348
"../../../Engine/Content/VREditor/Teleport/TeleportDirectionMaterial_Inst.uasset" 349
"../../../Engine/Content/VREditor/Teleport/TeleportDirectionMesh.uasset" 350
"../../../Engine/Content/VREditor/TransformGizmo/BoundingBoxCorner.uasset" 351
"../../../Engine/Content/VREditor/TransformGizmo/BoundingBoxEdge.uasset" 352
"../../../Engine/Content/VREditor/TransformGizmo/PlaneTranslationHandle.uasset" 353
"../../../Engine/Content/VREditor/TransformGizmo/RotationHandleFull.uasset" 354
"../../../Engine/Content/VREditor/TransformGizmo/RotationHandleIndicator.uasset" 355
"../../../Engine/Content/VREditor/TransformGizmo/RotationHandleQuarter.uasset" 356
"../../../Engine/Content/VREditor/TransformGizmo/Main.uasset" 357
"../../../Engine/Content/VREditor/TransformGizmo/Xray.uasset" 358
"../../../Engine/Content/VREditor/TransformGizmo/SM_Dialog_Close.uasset" 359
"../../../Engine/Content/VREditor/TransformGizmo/SM_Dialog_Move.uasset" 360
"../../../Engine/Content/VREditor/TransformGizmo/SM_Sequencer_Key.uasset" 361
"../../../Engine/Content/VREditor/TransformGizmo/SM_Sequencer_Node.uasset" 362
"../../../Engine/Content/VREditor/TransformGizmo/StartRotationHandleIndicator.uasset" 363
"../../../Engine/Content/VREditor/TransformGizmo/TranslucentTransformGizmoMaterial_Inst.uasset" 364
"../../../Engine/Content/VREditor/TransformGizmo/TransformGizmoFreeRotation.uasset" 365
"../../../Engine/Content/VREditor/TransformGizmo/TransformGizmoMaterial_Inst.uasset" 366
"../../../Engine/Content/VREditor/TransformGizmo/TranslateArrowHandle.uasset" 367
"../../../Engine/Content/VREditor/TransformGizmo/UniformScaleHandle.uasset" 368
"../../../Engine/Content/VREditor/UI/KeyDiskMaterial.uasset" 369
"../../../Engine/Content/VREditor/UI/DiscMaterial.uasset" 370
"../../../Engine/Content/VREditor/UI/SM_Radial_Disk.uasset" 371
"../../../Engine/Content/Functions/Engine_MaterialFunctions01/Gradient/RadialGradient.uasset" 372
"../../../Engine/Content/VREditor/WorldMovementGrid/SimpleGrid.uasset" 373
"../../../Engine/Content/VREditor/WorldMovementGrid/GridMaterial.uasset" 374
"../../../Engine/Content/Functions/Engine_MaterialFunctions01/Density/ExponentialDensity.uasset" 375
"../../../Engine/Content/VREditor/WorldMovementGrid/GridPostProcess.uasset" 376
"../../../Engine/Content/EditorLandscapeResources/FlattenHeightMat.uasset" 377
"../../../Engine/Content/VREditor/WorldMovementGrid/PlaneMesh.uasset" 378
"../../../Engine/Plugins/2D/Paper2D/Content/PlaceholderTextures/DummySpriteTexture.uasset" 379
"../../../Engine/Plugins/2D/Paper2D/Content/DummySprite.uasset" 380
"../../../Engine/Plugins/2D/Paper2D/Content/DefaultPaperTerrainMaterial.uasset" 381
"../../../Engine/Plugins/2D/Paper2D/Content/DefaultSpriteMaterial.uasset" 382
"../../../Engine/Plugins/2D/Paper2D/Content/OpaqueUnlitSpriteMaterial.uasset" 383
"../../../Engine/Plugins/Media/MediaCompositing/Content/DefaultMediaPlaneMaterial.uasset" 384
"../../../Engine/Content/Functions/Engine_MaterialFunctions02/Utility/MakeFloat4.uasset" 385
"../../../Engine/Plugins/Runtime/AppleARKit/Content/ARKitCameraMaterial.uasset" 386
"../../../Engine/Plugins/Runtime/Oculus/OculusVR/Content/Textures/GearVRController_AO.uasset" 387
"../../../Engine/Plugins/Runtime/Oculus/OculusVR/Content/Textures/GearVRController_Color.uasset" 388
"../../../Engine/Plugins/Runtime/Oculus/OculusVR/Content/Textures/GearVRController_Normal.uasset" 389
"../../../Engine/Plugins/Runtime/Oculus/OculusVR/Content/Materials/GearVRControllerMaterial.uasset" 390
"../../../Engine/Plugins/Runtime/Oculus/OculusVR/Content/Meshes/GearVrController.uasset" 391
"../../../SillhouetteGame/Content/UI/Fonts/ResamitzBold_0048.uasset" 392
"../../../SillhouetteGame/Content/UI/Fonts/ResamitzBold_0048_Font.uasset" 393
"../../../SillhouetteGame/Content/UI/LoseWidget.uasset" 394
"../../../SillhouetteGame/Content/Levels/LossScreen.umap" 395
"../../../SillhouetteGame/Content/Media/Torch.uasset" 396
"../../../SillhouetteGame/Content/Media/TorchAttenuation.uasset" 397
"../../../SillhouetteGame/Content/Media/Torch_Cue.uasset" 398
"../../../SillhouetteGame/Content/Sprites/Light/Torch.uasset" 399
"../../../SillhouetteGame/Content/Sprites/Light/Torch_Sprite_0.uasset" 400
"../../../SillhouetteGame/Content/Sprites/Light/Torch_Sprite_1.uasset" 401
"../../../SillhouetteGame/Content/Sprites/Light/Torch_Sprite_2.uasset" 402
"../../../SillhouetteGame/Content/Sprites/Light/Torch_Sprite_3.uasset" 403
"../../../SillhouetteGame/Content/Sprites/Light/Torch_Sprite_4.uasset" 404
"../../../SillhouetteGame/Content/Sprites/Light/Torch_Sprite_5.uasset" 405
"../../../SillhouetteGame/Content/Sprites/Light/Torch_Sprite_6.uasset" 406
"../../../SillhouetteGame/Content/Sprites/Light/Torch_Sprite_7.uasset" 407
"../../../SillhouetteGame/Content/Sprites/Light/Torch_Sprite_8.uasset" 408
"../../../SillhouetteGame/Content/Sprites/Light/Torch_Flipbook.uasset" 409
"../../../SillhouetteGame/Content/Blueprints/Torch_BP_Dynamic.uasset" 410
"../../../Engine/Content/EngineMaterials/BaseFlattenDiffuseMap.uasset" 411
"../../../Engine/Content/EngineMaterials/BaseFlattenEmissiveMap.uasset" 412
"../../../Engine/Content/EngineMaterials/BaseFlattenGrayscaleMap.uasset" 413
"../../../Engine/Content/EngineMaterials/BaseFlattenNormalMap.uasset" 414
"../../../Engine/Content/EngineMaterials/BaseFlattenMaterial.uasset" 415
"../../../SillhouetteGame/Content/Blueprints/Light_Blocker.uasset" 416
"../../../SillhouetteGame/Content/Sprites/Bumb_map/Black.uasset" 417
"../../../SillhouetteGame/Content/Sprites/Bumb_map/Black_Sprite.uasset" 418
"../../../SillhouetteGame/Content/Blueprints/Platform_BP_2.uasset" 419
"../../../Engine/Plugins/2D/Paper2D/Content/MaskedUnlitSpriteMaterial.uasset" 420
"../../../SillhouetteGame/Content/Media/Take_Coin.uasset" 421
"../../../SillhouetteGame/Content/Sprites/Pickups/Soul_fire_Sprite_1.uasset" 422
"../../../SillhouetteGame/Content/Sprites/Pickups/Soul_fire_Sprite_2.uasset" 423
"../../../SillhouetteGame/Content/Sprites/Pickups/Soul_fire_Sprite_3.uasset" 424
"../../../SillhouetteGame/Content/Sprites/Pickups/Soul_fire_Sprite_4.uasset" 425
"../../../SillhouetteGame/Content/Sprites/Pickups/Soul_fire_Sprite_5.uasset" 426
"../../../SillhouetteGame/Content/Sprites/Pickups/Soul_fire_Sprite_6.uasset" 427
"../../../SillhouetteGame/Content/Sprites/Pickups/Soul_fire_Sprite_7.uasset" 428
"../../../SillhouetteGame/Content/Sprites/Pickups/Soul_fire_Sprite_8.uasset" 429
"../../../SillhouetteGame/Content/Sprites/Pickups/Soul_fire_Sprite_9.uasset" 430
"../../../SillhouetteGame/Content/Sprites/Pickups/Soul_fire_FB.uasset" 431
"../../../SillhouetteGame/Content/Blueprints/SoulFire_BP_2.uasset" 432
"../../../SillhouetteGame/Content/Objects/TestWin.uasset" 433
"../../../SillhouetteGame/Content/Levels/Main_Level_BuiltData.uasset" 434
"../../../SillhouetteGame/Content/Sprites/Bumb_map/Background_Color.uasset" 435
"../../../SillhouetteGame/Content/Sprites/Bumb_map/Background_Normal_2.uasset" 436
"../../../SillhouetteGame/Content/Sprites/Bumb_map/Background_Normal_3.uasset" 437
"../../../SillhouetteGame/Content/Sprites/Bumb_map/Background_Normal_4.uasset" 438
"../../../SillhouetteGame/Content/Sprites/Bumb_map/Bump_Offset_Example.uasset" 439
"../../../SillhouetteGame/Content/Sprites/Tiles/Tileset_Ver_2.uasset" 440
"../../../SillhouetteGame/Content/Sprites/Tiles/Tileset_Ver_2_TileSet.uasset" 441
"../../../SillhouetteGame/Content/Sprites/Tiles/Tileset_Ver_2_TileMap.uasset" 442
"../../../Engine/Plugins/2D/Paper2D/Content/TranslucentUnlitSpriteMaterial.uasset" 443
"../../../SillhouetteGame/Content/Sprites/Tiles/TilesetBackground.uasset" 444
"../../../SillhouetteGame/Content/Sprites/Tiles/TilesetBackground_TileSet.uasset" 445
"../../../SillhouetteGame/Content/Sprites/Tiles/Tileset_Ver_2_TileMap_Background.uasset" 446
"../../../SillhouetteGame/Content/Levels/Main_Level.umap" 447
"../../../SillhouetteGame/Content/Objects/PlayerStart.uasset" 448
"../../../SillhouetteGame/Content/Sprites/Light/Torch_Light.uasset" 449
"../../../SillhouetteGame/Content/Sprites/Light/Torch_Light_Sprite.uasset" 450
"../../../SillhouetteGame/Content/Blueprints/Torch_BP.uasset" 451
"../../../SillhouetteGame/Content/Levels/StartMenu_BuiltData.uasset" 452
"../../../SillhouetteGame/Content/Sprites/Tiles/Background.uasset" 453
"../../../SillhouetteGame/Content/Sprites/Tiles/TilesetLevel.uasset" 454
"../../../SillhouetteGame/Content/Sprites/Tiles/TilesetLevel_TileSet.uasset" 455
"../../../SillhouetteGame/Content/Sprites/Tiles/TestMap.uasset" 456
"../../../SillhouetteGame/Content/UI/Fonts/Resamitz_0048.uasset" 457
"../../../SillhouetteGame/Content/UI/Fonts/Resamitz_0048_Font.uasset" 458
"../../../SillhouetteGame/Content/Sprites/UI/SGLogo.uasset" 459
"../../../SillhouetteGame/Content/UI/StartMenuUI.uasset" 460
"../../../SillhouetteGame/Content/Levels/StartMenu.umap" 461
"../../../SillhouetteGame/Content/UI/WinWidget.uasset" 462
"../../../SillhouetteGame/Content/Levels/WinScreen.umap" 463
"../../../Engine/Content/Maps/Entry.umap" 464
